<?xml version="1.0" encoding="UTF-8"?>
<testsuite name="com.dk.assignments.TestProblemStatementTwo" tests="1" skipped="0" failures="1" errors="0" timestamp="2020-03-06T17:21:37" hostname="WKSWUPUN0946" time="5.875">
  <properties/>
  <testcase name="verifyIfApiIsSame" classname="com.dk.assignments.TestProblemStatementTwo" time="5.875">
    <failure message="java.lang.AssertionError: The following asserts failed:&#10;&#9;API 'a' from second file doesn't have mapping in first file expected [true] but found [false],&#10;&#9;API 'b' from second file doesn't have mapping in first file expected [true] but found [false],&#10;&#9;API 'c' from second file doesn't have mapping in first file expected [true] but found [false],&#10;&#9;https://reqres.in/api/users?page=1 is not equal with a expected [true] but found [false],&#10;&#9;https://reqres.in/api/users/2 is not equal with /api/unknown/2 expected [true] but found [false],&#10;&#9;https://reqres.in/api/users/3 is not equal with https://reqres.in/api/users/2 expected [true] but found [false],&#10;&#9;https://reqres.in/api/users/1 is not equal with https://reqres.in/api/users?page=3 expected [true] but found [false]" type="java.lang.AssertionError">java.lang.AssertionError: The following asserts failed:
	API 'a' from second file doesn't have mapping in first file expected [true] but found [false],
	API 'b' from second file doesn't have mapping in first file expected [true] but found [false],
	API 'c' from second file doesn't have mapping in first file expected [true] but found [false],
	https://reqres.in/api/users?page=1 is not equal with a expected [true] but found [false],
	https://reqres.in/api/users/2 is not equal with /api/unknown/2 expected [true] but found [false],
	https://reqres.in/api/users/3 is not equal with https://reqres.in/api/users/2 expected [true] but found [false],
	https://reqres.in/api/users/1 is not equal with https://reqres.in/api/users?page=3 expected [true] but found [false]
	at org.testng.asserts.SoftAssert.assertAll(SoftAssert.java:43)
	at com.dk.assignments.TestProblemStatementTwo.verifyIfApiIsSame(TestProblemStatementTwo.java:113)
	at sun.reflect.NativeMethodAccessorImpl.invoke0(Native Method)
	at sun.reflect.NativeMethodAccessorImpl.invoke(NativeMethodAccessorImpl.java:62)
	at sun.reflect.DelegatingMethodAccessorImpl.invoke(DelegatingMethodAccessorImpl.java:43)
	at java.lang.reflect.Method.invoke(Method.java:498)
	at org.testng.internal.MethodInvocationHelper.invokeMethod(MethodInvocationHelper.java:124)
	at org.testng.internal.Invoker.invokeMethod(Invoker.java:583)
	at org.testng.internal.Invoker.invokeTestMethod(Invoker.java:719)
	at org.testng.internal.Invoker.invokeTestMethods(Invoker.java:989)
	at org.testng.internal.TestMethodWorker.invokeTestMethods(TestMethodWorker.java:125)
	at org.testng.internal.TestMethodWorker.run(TestMethodWorker.java:109)
	at org.testng.TestRunner.privateRun(TestRunner.java:648)
	at org.testng.TestRunner.run(TestRunner.java:505)
	at org.testng.SuiteRunner.runTest(SuiteRunner.java:455)
	at org.testng.SuiteRunner.runSequentially(SuiteRunner.java:450)
	at org.testng.SuiteRunner.privateRun(SuiteRunner.java:415)
	at org.testng.SuiteRunner.run(SuiteRunner.java:364)
	at org.testng.SuiteRunnerWorker.runSuite(SuiteRunnerWorker.java:52)
	at org.testng.SuiteRunnerWorker.run(SuiteRunnerWorker.java:84)
	at org.testng.TestNG.runSuitesSequentially(TestNG.java:1208)
	at org.testng.TestNG.runSuitesLocally(TestNG.java:1137)
	at org.testng.TestNG.runSuites(TestNG.java:1049)
	at org.testng.TestNG.run(TestNG.java:1017)
	at org.gradle.api.internal.tasks.testing.testng.TestNGTestClassProcessor.runTests(TestNGTestClassProcessor.java:141)
	at org.gradle.api.internal.tasks.testing.testng.TestNGTestClassProcessor.stop(TestNGTestClassProcessor.java:90)
	at org.gradle.api.internal.tasks.testing.SuiteTestClassProcessor.stop(SuiteTestClassProcessor.java:61)
	at sun.reflect.NativeMethodAccessorImpl.invoke0(Native Method)
	at sun.reflect.NativeMethodAccessorImpl.invoke(NativeMethodAccessorImpl.java:62)
	at sun.reflect.DelegatingMethodAccessorImpl.invoke(DelegatingMethodAccessorImpl.java:43)
	at java.lang.reflect.Method.invoke(Method.java:498)
	at org.gradle.internal.dispatch.ReflectionDispatch.dispatch(ReflectionDispatch.java:35)
	at org.gradle.internal.dispatch.ReflectionDispatch.dispatch(ReflectionDispatch.java:24)
	at org.gradle.internal.dispatch.ContextClassLoaderDispatch.dispatch(ContextClassLoaderDispatch.java:32)
	at org.gradle.internal.dispatch.ProxyDispatchAdapter$DispatchingInvocationHandler.invoke(ProxyDispatchAdapter.java:93)
	at com.sun.proxy.$Proxy2.stop(Unknown Source)
	at org.gradle.api.internal.tasks.testing.worker.TestWorker.stop(TestWorker.java:132)
	at sun.reflect.NativeMethodAccessorImpl.invoke0(Native Method)
	at sun.reflect.NativeMethodAccessorImpl.invoke(NativeMethodAccessorImpl.java:62)
	at sun.reflect.DelegatingMethodAccessorImpl.invoke(DelegatingMethodAccessorImpl.java:43)
	at java.lang.reflect.Method.invoke(Method.java:498)
	at org.gradle.internal.dispatch.ReflectionDispatch.dispatch(ReflectionDispatch.java:35)
	at org.gradle.internal.dispatch.ReflectionDispatch.dispatch(ReflectionDispatch.java:24)
	at org.gradle.internal.remote.internal.hub.MessageHubBackedObjectConnection$DispatchWrapper.dispatch(MessageHubBackedObjectConnection.java:175)
	at org.gradle.internal.remote.internal.hub.MessageHubBackedObjectConnection$DispatchWrapper.dispatch(MessageHubBackedObjectConnection.java:157)
	at org.gradle.internal.remote.internal.hub.MessageHub$Handler.run(MessageHub.java:404)
	at org.gradle.internal.concurrent.ExecutorPolicy$CatchAndRecordFailures.onExecute(ExecutorPolicy.java:63)
	at org.gradle.internal.concurrent.ManagedExecutorImpl$1.run(ManagedExecutorImpl.java:46)
	at java.util.concurrent.ThreadPoolExecutor.runWorker(ThreadPoolExecutor.java:1149)
	at java.util.concurrent.ThreadPoolExecutor$Worker.run(ThreadPoolExecutor.java:624)
	at org.gradle.internal.concurrent.ThreadFactoryImpl$ManagedThreadRunnable.run(ThreadFactoryImpl.java:55)
	at java.lang.Thread.run(Thread.java:748)
</failure>
  </testcase>
  <system-out><![CDATA[apifiles\firstFile.txt
Verifying 'https://reqres.in/api/users/3' : 'https://reqres.in/api/users/2'
Verifying 'https://reqres.in/api/users/1' : 'https://reqres.in/api/users?page=3'
Verifying 'https://reqres.in/api/users/2' : '/api/unknown/2'
Verifying 'https://reqres.in/api/users?page=2' : 'https://reqres.in/api/users?page=2'
Verifying 'https://reqres.in/api/users?page=1' : 'a'
200:403
200:403
Comparing both api response
{last_name=Wong, id=3, avatar=https://s3.amazonaws.com/uifaces/faces/twitter/olegpogodaev/128.jpg, first_name=Emma, email=emma.wong@reqres.in}is not equals to {last_name=Weaver, id=2, avatar=https://s3.amazonaws.com/uifaces/faces/twitter/josephstein/128.jpg, first_name=Janet, email=janet.weaver@reqres.in}
Comparing both api response
{last_name=Bluth, id=1, avatar=https://s3.amazonaws.com/uifaces/faces/twitter/calebogden/128.jpg, first_name=George, email=george.bluth@reqres.in}is not equals to []
Comparing both api response
]]></system-out>
  <system-err><![CDATA[]]></system-err>
</testsuite>
